{'TransactionReward': '0.0 - Δ:0.0', 'ActionReward': '0.0 - Δ:0.0', 'IntermediateReward': '0.0 - Δ:0.0', 'SharpeReward': '0.0 - Δ:0.0', 'DrawdownReward': '0.0 - Δ:0.0', 'TrendReward': '0.0 - Δ:0.0', 'Score': 0, 'Balance': 10000.0, 'Positions': 0}
{'TransactionReward': '0 - Δ:0.0', 'ActionReward': '0.01 - Δ:0.01', 'IntermediateReward': '-0.00851 - Δ:-0.009', 'SharpeReward': '0 - Δ:0.0', 'DrawdownReward': '0 - Δ:0.0', 'TrendReward': '0 - Δ:0.0', 'Score': 0.001, 'Balance': 9991.49, 'Positions': 1}
{'TransactionReward': '-8.51 - Δ:-8.51', 'ActionReward': '0.02 - Δ:0.01', 'IntermediateReward': '-0.01797 - Δ:-0.009', 'SharpeReward': '0.0 - Δ:0.0', 'DrawdownReward': '0.0 - Δ:0.0', 'TrendReward': '0 - Δ:0', 'Score': -8.508, 'Balance': 9982.03, 'Positions': 2}
{'TransactionReward': '-17.97 - Δ:-9.46', 'ActionReward': '0.03 - Δ:0.01', 'IntermediateReward': '-0.03641 - Δ:-0.018', 'SharpeReward': '-18.91578947368419 - Δ:-18.916', 'DrawdownReward': '0.0 - Δ:0.0', 'TrendReward': '0 - Δ:0', 'Score': -36.892, 'Balance': 9963.59, 'Positions': 3}
{'TransactionReward': '-36.41 - Δ:-18.44', 'ActionReward': '0.04 - Δ:0.01', 'IntermediateReward': '-0.031849999999999996 - Δ:0.005', 'SharpeReward': '-21.62851714548933 - Δ:-2.713', 'DrawdownReward': '0.0 - Δ:0.0', 'TrendReward': '0 - Δ:0', 'Score': -58.03, 'Balance': 9963.59, 'Positions': 3}
{'TransactionReward': '-36.41 - Δ:0.0', 'ActionReward': '-0.96 - Δ:-1.0', 'IntermediateReward': '-0.014189999999999998 - Δ:0.018', 'SharpeReward': '-21.62851714548933 - Δ:0.0', 'DrawdownReward': '0.0 - Δ:0.0', 'TrendReward': '0 - Δ:0', 'Score': -59.013, 'Balance': 9963.59, 'Positions': 3}
{'TransactionReward': '-36.41 - Δ:0.0', 'ActionReward': '-1.96 - Δ:-1.0', 'IntermediateReward': '0.013710000000000003 - Δ:0.028', 'SharpeReward': '-21.62851714548933 - Δ:0.0', 'DrawdownReward': '0.0 - Δ:0.0', 'TrendReward': '0 - Δ:0', 'Score': -59.985, 'Balance': 9963.59, 'Positions': 3}
{'TransactionReward': '-36.41 - Δ:0.0', 'ActionReward': '-2.96 - Δ:-1.0', 'IntermediateReward': '0.05926000000000001 - Δ:0.046', 'SharpeReward': '-21.62851714548933 - Δ:0.0', 'DrawdownReward': '0.0 - Δ:0.0', 'TrendReward': '0 - Δ:0', 'Score': -60.939, 'Balance': 9963.59, 'Positions': 3}
{'TransactionReward': '-36.410000000000004 - Δ:-0.0', 'ActionReward': '-3.96 - Δ:-1.0', 'IntermediateReward': '0.10310000000000001 - Δ:0.044', 'SharpeReward': '-21.62851714548933 - Δ:0.0', 'DrawdownReward': '0.0 - Δ:0.0', 'TrendReward': '0 - Δ:0', 'Score': -61.895, 'Balance': 10007.43, 'Positions': 4}
{'TransactionReward': '7.43 - Δ:43.84', 'ActionReward': '-3.95 - Δ:0.01', 'IntermediateReward': '0.09324000000000002 - Δ:-0.01', 'SharpeReward': '-21.55284392499811 - Δ:0.076', 'DrawdownReward': '0.0 - Δ:0.0', 'TrendReward': '0 - Δ:0', 'Score': -17.98, 'Balance': 10007.43, 'Positions': 4}
{'TransactionReward': '7.43 - Δ:0.0', 'ActionReward': '-4.95 - Δ:-1.0', 'IntermediateReward': '0.08810000000000001 - Δ:-0.005', 'SharpeReward': '-21.55284392499811 - Δ:0.0', 'DrawdownReward': '0.0 - Δ:0.0', 'TrendReward': '0 - Δ:0', 'Score': -18.985, 'Balance': 10007.43, 'Positions': 4}
{'TransactionReward': '7.43 - Δ:0.0', 'ActionReward': '-5.95 - Δ:-1.0', 'IntermediateReward': '0.09753 - Δ:0.009', 'SharpeReward': '-21.55284392499811 - Δ:0.0', 'DrawdownReward': '0.0 - Δ:0.0', 'TrendReward': '0 - Δ:0', 'Score': -19.975, 'Balance': 10007.43, 'Positions': 4}
{'TransactionReward': '7.43 - Δ:0.0', 'ActionReward': '-6.95 - Δ:-1.0', 'IntermediateReward': '0.10396000000000001 - Δ:0.006', 'SharpeReward': '-21.55284392499811 - Δ:0.0', 'DrawdownReward': '0.0 - Δ:0.0', 'TrendReward': '0 - Δ:0', 'Score': -20.969, 'Balance': 10007.43, 'Positions': 4}
{'TransactionReward': '7.43 - Δ:0.0', 'ActionReward': '-7.95 - Δ:-1.0', 'IntermediateReward': '0.08832000000000001 - Δ:-0.016', 'SharpeReward': '-21.55284392499811 - Δ:0.0', 'DrawdownReward': '0.0 - Δ:0.0', 'TrendReward': '0 - Δ:0', 'Score': -21.985, 'Balance': 9991.79, 'Positions': 5}
{'TransactionReward': '-8.21 - Δ:-15.64', 'ActionReward': '-7.94 - Δ:0.01', 'IntermediateReward': '0.07606000000000002 - Δ:-0.012', 'SharpeReward': '-21.624100391517008 - Δ:-0.071', 'DrawdownReward': '-2.104979811574695 - Δ:-2.105', 'TrendReward': '0 - Δ:0', 'Score': -39.803, 'Balance': 9991.79, 'Positions': 5}
{'TransactionReward': '-8.21 - Δ:0.0', 'ActionReward': '-8.940000000000001 - Δ:-1.0', 'IntermediateReward': '0.08028000000000002 - Δ:0.004', 'SharpeReward': '-21.624100391517008 - Δ:0.0', 'DrawdownReward': '-2.104979811574695 - Δ:0.0', 'TrendReward': '0 - Δ:0', 'Score': -40.799, 'Balance': 9991.79, 'Positions': 5}
{'TransactionReward': '-8.209999999999997 - Δ:0.0', 'ActionReward': '-9.940000000000001 - Δ:-1.0', 'IntermediateReward': '0.07646 - Δ:-0.004', 'SharpeReward': '-21.624100391517008 - Δ:0.0', 'DrawdownReward': '-2.104979811574695 - Δ:0.0', 'TrendReward': '0 - Δ:0', 'Score': -41.803, 'Balance': 9987.97, 'Positions': 6}
{'TransactionReward': '-12.029999999999998 - Δ:-3.82', 'ActionReward': '-9.930000000000001 - Δ:0.01', 'IntermediateReward': '0.03861 - Δ:-0.038', 'SharpeReward': '-21.719343389838222 - Δ:-0.095', 'DrawdownReward': '-4.724091520861368 - Δ:-2.619', 'TrendReward': '0 - Δ:0', 'Score': -48.365, 'Balance': 9950.12, 'Positions': 7}
{'TransactionReward': '-49.879999999999995 - Δ:-37.85', 'ActionReward': '-9.920000000000002 - Δ:0.01', 'IntermediateReward': '0.050949999999999995 - Δ:0.012', 'SharpeReward': '-22.02678812251706 - Δ:-0.307', 'DrawdownReward': '-12.437415881561225 - Δ:-7.713', 'TrendReward': '0 - Δ:0', 'Score': -94.213, 'Balance': 9950.12, 'Positions': 7}
{'TransactionReward': '-49.879999999999995 - Δ:0.0', 'ActionReward': '-10.920000000000002 - Δ:-1.0', 'IntermediateReward': '0.06867999999999999 - Δ:0.018', 'SharpeReward': '-22.02678812251706 - Δ:0.0', 'DrawdownReward': '-12.437415881561225 - Δ:0.0', 'TrendReward': '0 - Δ:0', 'Score': -95.196, 'Balance': 9967.85, 'Positions': 8}
{'TransactionReward': '-32.14999999999999 - Δ:17.73', 'ActionReward': '-10.910000000000002 - Δ:0.01', 'IntermediateReward': '0.07573999999999999 - Δ:0.007', 'SharpeReward': '-22.200111863350475 - Δ:-0.173', 'DrawdownReward': '-20.150740242261083 - Δ:-7.713', 'TrendReward': '0 - Δ:0', 'Score': -85.335, 'Balance': 9967.85, 'Positions': 8}
{'TransactionReward': '-32.14999999999999 - Δ:0.0', 'ActionReward': '-11.910000000000002 - Δ:-1.0', 'IntermediateReward': '0.08841999999999998 - Δ:0.013', 'SharpeReward': '-22.200111863350475 - Δ:0.0', 'DrawdownReward': '-20.150740242261083 - Δ:0.0', 'TrendReward': '0 - Δ:0', 'Score': -86.322, 'Balance': 9967.85, 'Positions': 8}
{'TransactionReward': '-32.14999999999999 - Δ:0.0', 'ActionReward': '-12.910000000000002 - Δ:-1.0', 'IntermediateReward': '0.10157999999999999 - Δ:0.013', 'SharpeReward': '-22.200111863350475 - Δ:0.0', 'DrawdownReward': '-20.150740242261083 - Δ:0.0', 'TrendReward': '0 - Δ:0', 'Score': -87.309, 'Balance': 9967.85, 'Positions': 8}
{'TransactionReward': '-32.14999999999999 - Δ:0.0', 'ActionReward': '-13.910000000000002 - Δ:-1.0', 'IntermediateReward': '0.12535 - Δ:0.024', 'SharpeReward': '-22.200111863350475 - Δ:0.0', 'DrawdownReward': '-20.150740242261083 - Δ:0.0', 'TrendReward': '0 - Δ:0', 'Score': -88.286, 'Balance': 9991.62, 'Positions': 9}
{'TransactionReward': '-8.379999999999999 - Δ:23.77', 'ActionReward': '-13.9 - Δ:0.01', 'IntermediateReward': '0.14292999999999995 - Δ:0.018', 'SharpeReward': '-22.23966591296823 - Δ:-0.04', 'DrawdownReward': '-27.864064602960944 - Δ:-7.713', 'TrendReward': '0 - Δ:0', 'Score': -72.241, 'Balance': 9991.62, 'Positions': 9}
{'TransactionReward': '-8.379999999999999 - Δ:0.0', 'ActionReward': '-14.9 - Δ:-1.0', 'IntermediateReward': '0.12484999999999995 - Δ:-0.018', 'SharpeReward': '-22.23966591296823 - Δ:0.0', 'DrawdownReward': '-27.864064602960944 - Δ:0.0', 'TrendReward': '0 - Δ:0', 'Score': -73.259, 'Balance': 9991.62, 'Positions': 9}
{'TransactionReward': '-8.379999999999999 - Δ:0.0', 'ActionReward': '-15.9 - Δ:-1.0', 'IntermediateReward': '0.12388999999999994 - Δ:-0.001', 'SharpeReward': '-22.23966591296823 - Δ:0.0', 'DrawdownReward': '-27.864064602960944 - Δ:0.0', 'TrendReward': '0 - Δ:0', 'Score': -74.26, 'Balance': 9990.66, 'Positions': 10}
{'TransactionReward': '-9.34 - Δ:-0.96', 'ActionReward': '-15.89 - Δ:0.01', 'IntermediateReward': '0.12881999999999993 - Δ:0.005', 'SharpeReward': '-22.281488898685925 - Δ:-0.042', 'DrawdownReward': '-35.5773889636608 - Δ:-7.713', 'TrendReward': '0 - Δ:0', 'Score': -82.96, 'Balance': 9995.59, 'Positions': 11}
{'TransactionReward': '-4.41 - Δ:4.93', 'ActionReward': '-15.88 - Δ:0.01', 'IntermediateReward': '0.11378999999999993 - Δ:-0.015', 'SharpeReward': '-22.300258435924274 - Δ:-0.019', 'DrawdownReward': '-43.29071332436066 - Δ:-7.713', 'TrendReward': '0 - Δ:0', 'Score': -85.767, 'Balance': 9995.59, 'Positions': 11}
{'TransactionReward': '-4.41 - Δ:0.0', 'ActionReward': '-16.880000000000003 - Δ:-1.0', 'IntermediateReward': '0.09146999999999994 - Δ:-0.022', 'SharpeReward': '-22.300258435924274 - Δ:0.0', 'DrawdownReward': '-43.29071332436066 - Δ:0.0', 'TrendReward': '0 - Δ:0', 'Score': -86.79, 'Balance': 9973.27, 'Positions': 12}
{'TransactionReward': '-26.73 - Δ:-22.32', 'ActionReward': '-16.87 - Δ:0.01', 'IntermediateReward': '0.07800999999999994 - Δ:-0.013', 'SharpeReward': '-22.404695298430287 - Δ:-0.104', 'DrawdownReward': '-51.00403768506052 - Δ:-7.713', 'TrendReward': '0 - Δ:0', 'Score': -116.931, 'Balance': 9973.27, 'Positions': 12}
{'TransactionReward': '-26.73 - Δ:0.0', 'ActionReward': '-17.87 - Δ:-1.0', 'IntermediateReward': '0.04122999999999994 - Δ:-0.037', 'SharpeReward': '-22.404695298430287 - Δ:0.0', 'DrawdownReward': '-51.00403768506052 - Δ:0.0', 'TrendReward': '0 - Δ:0', 'Score': -117.968, 'Balance': 9936.49, 'Positions': 13}
{'TransactionReward': '-63.51 - Δ:-36.78', 'ActionReward': '-17.86 - Δ:0.01', 'IntermediateReward': '0.03530999999999999 - Δ:-0.006', 'SharpeReward': '-22.62215852326064 - Δ:-0.217', 'DrawdownReward': '-60.5518169582772 - Δ:-9.548', 'TrendReward': '0 - Δ:0', 'Score': -164.509, 'Balance': 9930.57, 'Positions': 14}
{'TransactionReward': '-69.42999999999999 - Δ:-5.92', 'ActionReward': '-17.849999999999998 - Δ:0.01', 'IntermediateReward': '0.06896999999999999 - Δ:0.034', 'SharpeReward': '-22.851227164745985 - Δ:-0.229', 'DrawdownReward': '-70.89636608344543 - Δ:-10.345', 'TrendReward': '0 - Δ:0', 'Score': -180.959, 'Balance': 9930.57, 'Positions': 14}
{'TransactionReward': '-69.42999999999999 - Δ:0.0', 'ActionReward': '-18.849999999999998 - Δ:-1.0', 'IntermediateReward': '0.09319999999999999 - Δ:0.024', 'SharpeReward': '-22.851227164745985 - Δ:0.0', 'DrawdownReward': '-70.89636608344543 - Δ:0.0', 'TrendReward': '0 - Δ:0', 'Score': -181.934, 'Balance': 9930.57, 'Positions': 14}
{'TransactionReward': '-69.42999999999999 - Δ:0.0', 'ActionReward': '-19.849999999999998 - Δ:-1.0', 'IntermediateReward': '0.20553 - Δ:0.112', 'SharpeReward': '-22.851227164745985 - Δ:0.0', 'DrawdownReward': '-70.89636608344543 - Δ:0.0', 'TrendReward': '0 - Δ:0', 'Score': -182.822, 'Balance': 10042.9, 'Positions': 15}
{'TransactionReward': '42.900000000000006 - Δ:112.33', 'ActionReward': '-19.839999999999996 - Δ:0.01', 'IntermediateReward': '0.24015999999999998 - Δ:0.035', 'SharpeReward': '-22.771704221784322 - Δ:0.08', 'DrawdownReward': '-81.24091520861366 - Δ:-10.345', 'TrendReward': '0 - Δ:0', 'Score': -80.712, 'Balance': 10042.9, 'Positions': 15}
{'TransactionReward': '42.900000000000006 - Δ:0.0', 'ActionReward': '-20.839999999999996 - Δ:-1.0', 'IntermediateReward': '0.27815999999999996 - Δ:0.038', 'SharpeReward': '-22.771704221784322 - Δ:0.0', 'DrawdownReward': '-81.24091520861366 - Δ:0.0', 'TrendReward': '0 - Δ:0', 'Score': -81.674, 'Balance': 10080.9, 'Positions': 16}
{'TransactionReward': '80.9 - Δ:38.0', 'ActionReward': '-20.829999999999995 - Δ:0.01', 'IntermediateReward': '0.27753999999999995 - Δ:-0.001', 'SharpeReward': '-22.630650501187095 - Δ:0.141', 'DrawdownReward': '-91.58546433378189 - Δ:-10.345', 'TrendReward': '0 - Δ:0', 'Score': -53.869, 'Balance': 10080.28, 'Positions': 17}
{'TransactionReward': '80.28 - Δ:-0.62', 'ActionReward': '-20.819999999999993 - Δ:0.01', 'IntermediateReward': '0.28812999999999994 - Δ:0.011', 'SharpeReward': '-22.494957056635023 - Δ:0.136', 'DrawdownReward': '-101.93001345895011 - Δ:-10.345', 'TrendReward': '0 - Δ:0', 'Score': -64.677, 'Balance': 10080.28, 'Positions': 17}
{'TransactionReward': '80.28 - Δ:0.0', 'ActionReward': '-21.82 - Δ:-1.0', 'IntermediateReward': '0.30121 - Δ:0.013', 'SharpeReward': '-22.494957056635023 - Δ:0.0', 'DrawdownReward': '-101.9300134589501 - Δ:0.0', 'TrendReward': '0 - Δ:0', 'Score': -65.664, 'Balance': 10093.36, 'Positions': 18}
{'TransactionReward': '93.36 - Δ:13.08', 'ActionReward': '-21.81 - Δ:0.01', 'IntermediateReward': '0.21958999999999998 - Δ:-0.082', 'SharpeReward': '-22.341846223143246 - Δ:0.153', 'DrawdownReward': '-112.27456258411833 - Δ:-10.345', 'TrendReward': '0 - Δ:0', 'Score': -62.847, 'Balance': 10011.74, 'Positions': 19}
{'TransactionReward': '11.739999999999995 - Δ:-81.62', 'ActionReward': '-21.799999999999997 - Δ:0.01', 'IntermediateReward': '0.22924999999999998 - Δ:0.01', 'SharpeReward': '-22.325691004475775 - Δ:0.016', 'DrawdownReward': '-122.61911170928656 - Δ:-10.345', 'TrendReward': '0 - Δ:0', 'Score': -154.776, 'Balance': 10011.74, 'Positions': 19}
{'TransactionReward': '11.739999999999995 - Δ:0.0', 'ActionReward': '-22.799999999999997 - Δ:-1.0', 'IntermediateReward': '0.29096 - Δ:0.062', 'SharpeReward': '-22.325691004475775 - Δ:0.0', 'DrawdownReward': '-122.61911170928656 - Δ:0.0', 'TrendReward': '0 - Δ:0', 'Score': -155.714, 'Balance': 10011.74, 'Positions': 19}
{'TransactionReward': '11.739999999999995 - Δ:0.0', 'ActionReward': '-23.799999999999997 - Δ:-1.0', 'IntermediateReward': '0.33459 - Δ:0.044', 'SharpeReward': '-22.325691004475775 - Δ:0.0', 'DrawdownReward': '-122.61911170928656 - Δ:0.0', 'TrendReward': '0 - Δ:0', 'Score': -156.67, 'Balance': 10011.74, 'Positions': 19}
{'TransactionReward': '11.739999999999995 - Δ:0.0', 'ActionReward': '-24.799999999999997 - Δ:-1.0', 'IntermediateReward': '0.39175 - Δ:0.057', 'SharpeReward': '-22.325691004475775 - Δ:0.0', 'DrawdownReward': '-122.61911170928656 - Δ:0.0', 'TrendReward': '0 - Δ:0', 'Score': -157.613, 'Balance': 10011.74, 'Positions': 19}
{'TransactionReward': '11.739999999999995 - Δ:0.0', 'ActionReward': '-25.799999999999997 - Δ:-1.0', 'IntermediateReward': '0.44183 - Δ:0.05', 'SharpeReward': '-22.325691004475775 - Δ:0.0', 'DrawdownReward': '-122.61911170928656 - Δ:0.0', 'TrendReward': '0 - Δ:0', 'Score': -158.563, 'Balance': 10011.74, 'Positions': 19}
{'TransactionReward': '11.739999999999995 - Δ:0.0', 'ActionReward': '-26.799999999999997 - Δ:-1.0', 'IntermediateReward': '0.52183 - Δ:0.08', 'SharpeReward': '-22.325691004475775 - Δ:0.0', 'DrawdownReward': '-122.61911170928656 - Δ:0.0', 'TrendReward': '0 - Δ:0', 'Score': -159.483, 'Balance': 10011.74, 'Positions': 19}
{'TransactionReward': '11.739999999999982 - Δ:-0.0', 'ActionReward': '-27.799999999999997 - Δ:-1.0', 'IntermediateReward': '0.5871999999999999 - Δ:0.065', 'SharpeReward': '-22.325691004475775 - Δ:0.0', 'DrawdownReward': '-122.61911170928656 - Δ:0.0', 'TrendReward': '0 - Δ:0', 'Score': -160.418, 'Balance': 10011.74, 'Positions': 19}
{'TransactionReward': '11.739999999999982 - Δ:0.0', 'ActionReward': '-28.799999999999997 - Δ:-1.0', 'IntermediateReward': '0.63728 - Δ:0.05', 'SharpeReward': '-22.325691004475775 - Δ:0.0', 'DrawdownReward': '-122.61911170928656 - Δ:0.0', 'TrendReward': '0 - Δ:0', 'Score': -161.368, 'Balance': 10061.82, 'Positions': 20}
{'TransactionReward': '61.81999999999998 - Δ:50.08', 'ActionReward': '-28.789999999999996 - Δ:0.01', 'IntermediateReward': '0.6088699999999999 - Δ:-0.028', 'SharpeReward': '-22.246038951373958 - Δ:0.08', 'DrawdownReward': '-132.96366083445477 - Δ:-10.345', 'TrendReward': '0 - Δ:0', 'Score': -121.571, 'Balance': 10033.41, 'Positions': 21}
{'TransactionReward': '33.40999999999998 - Δ:-28.41', 'ActionReward': '-28.779999999999994 - Δ:0.01', 'IntermediateReward': '0.6099899999999999 - Δ:0.001', 'SharpeReward': '-22.20467320476747 - Δ:0.041', 'DrawdownReward': '-143.30820995962299 - Δ:-10.345', 'TrendReward': '0 - Δ:0', 'Score': -160.273, 'Balance': 10034.53, 'Positions': 22}
{'TransactionReward': '34.52999999999998 - Δ:1.12', 'ActionReward': '-28.769999999999992 - Δ:0.01', 'IntermediateReward': '0.6127199999999999 - Δ:0.003', 'SharpeReward': '-22.162903847073515 - Δ:0.042', 'DrawdownReward': '-153.6527590847912 - Δ:-10.345', 'TrendReward': '0 - Δ:0', 'Score': -169.443, 'Balance': 10034.53, 'Positions': 22}
{'TransactionReward': '34.52999999999998 - Δ:0.0', 'ActionReward': '-28.75999999999999 - Δ:0.01', 'IntermediateReward': '0.64006 - Δ:0.027', 'SharpeReward': '-22.162903847073515 - Δ:0.0', 'DrawdownReward': '-153.6527590847912 - Δ:0.0', 'TrendReward': '0 - Δ:0', 'Score': -169.406, 'Balance': 10061.87, 'Positions': 23}
{'TransactionReward': '61.869999999999976 - Δ:27.34', 'ActionReward': '-28.74999999999999 - Δ:0.01', 'IntermediateReward': '0.66777 - Δ:0.028', 'SharpeReward': '-22.09044473894886 - Δ:0.072', 'DrawdownReward': '-163.9973082099594 - Δ:-10.345', 'TrendReward': '0 - Δ:0', 'Score': -152.3, 'Balance': 10061.87, 'Positions': 23}
{'TransactionReward': '61.869999999999976 - Δ:0.0', 'ActionReward': '-29.74999999999999 - Δ:-1.0', 'IntermediateReward': '0.6820499999999999 - Δ:0.014', 'SharpeReward': '-22.09044473894886 - Δ:0.0', 'DrawdownReward': '-163.9973082099594 - Δ:0.0', 'TrendReward': '0 - Δ:0', 'Score': -153.286, 'Balance': 10061.87, 'Positions': 23}
{'TransactionReward': '61.87 - Δ:0.0', 'ActionReward': '-30.75 - Δ:-1.0', 'IntermediateReward': '0.72262 - Δ:0.041', 'SharpeReward': '-22.090444738948865 - Δ:-0.0', 'DrawdownReward': '-163.99730820995947 - Δ:-0.0', 'TrendReward': '0 - Δ:0', 'Score': -154.245, 'Balance': 10102.44, 'Positions': 24}
{'TransactionReward': '102.44 - Δ:40.57', 'ActionReward': '-30.74 - Δ:0.01', 'IntermediateReward': '0.7012400000000001 - Δ:-0.021', 'SharpeReward': '-21.975465489442474 - Δ:0.115', 'DrawdownReward': '-174.34185733512768 - Δ:-10.345', 'TrendReward': '0 - Δ:0', 'Score': -123.916, 'Balance': 10102.44, 'Positions': 24}
{'TransactionReward': '102.44 - Δ:0.0', 'ActionReward': '-31.74 - Δ:-1.0', 'IntermediateReward': '0.6667400000000001 - Δ:-0.034', 'SharpeReward': '-21.975465489442474 - Δ:0.0', 'DrawdownReward': '-174.34185733512768 - Δ:0.0', 'TrendReward': '0 - Δ:0', 'Score': -124.951, 'Balance': 10102.44, 'Positions': 24}
{'TransactionReward': '102.44 - Δ:0.0', 'ActionReward': '-31.729999999999997 - Δ:0.01', 'IntermediateReward': '0.6289000000000001 - Δ:-0.038', 'SharpeReward': '-21.975465489442474 - Δ:0.0', 'DrawdownReward': '-174.34185733512768 - Δ:0.0', 'TrendReward': '0 - Δ:0', 'Score': -124.978, 'Balance': 10064.6, 'Positions': 25}
{'TransactionReward': '64.6 - Δ:-37.84', 'ActionReward': '-31.719999999999995 - Δ:0.01', 'IntermediateReward': '0.6373800000000002 - Δ:0.008', 'SharpeReward': '-21.90618348131195 - Δ:0.069', 'DrawdownReward': '-184.6864064602959 - Δ:-10.345', 'TrendReward': '0 - Δ:0', 'Score': -173.075, 'Balance': 10064.6, 'Positions': 25}
{'TransactionReward': '64.6 - Δ:0.0', 'ActionReward': '-32.72 - Δ:-1.0', 'IntermediateReward': '0.6372300000000002 - Δ:-0.0', 'SharpeReward': '-21.90618348131195 - Δ:0.0', 'DrawdownReward': '-184.6864064602959 - Δ:0.0', 'TrendReward': '0 - Δ:0', 'Score': -174.075, 'Balance': 10064.45, 'Positions': 26}
{'TransactionReward': '64.44999999999999 - Δ:-0.15', 'ActionReward': '-32.71 - Δ:0.01', 'IntermediateReward': '0.6393200000000002 - Δ:0.002', 'SharpeReward': '-21.838411633362227 - Δ:0.068', 'DrawdownReward': '-195.0309555854641 - Δ:-10.345', 'TrendReward': '0 - Δ:0', 'Score': -184.49, 'Balance': 10064.45, 'Positions': 26}
{'TransactionReward': '64.44999999999999 - Δ:0.0', 'ActionReward': '-33.71 - Δ:-1.0', 'IntermediateReward': '0.6423100000000003 - Δ:0.003', 'SharpeReward': '-21.838411633362227 - Δ:0.0', 'DrawdownReward': '-195.0309555854641 - Δ:0.0', 'TrendReward': '0 - Δ:0', 'Score': -185.487, 'Balance': 10067.44, 'Positions': 27}
{'TransactionReward': '67.44 - Δ:2.99', 'ActionReward': '-33.7 - Δ:0.01', 'IntermediateReward': '0.6407100000000001 - Δ:-0.002', 'SharpeReward': '-21.768821576887166 - Δ:0.07', 'DrawdownReward': '-205.37550471063238 - Δ:-10.345', 'TrendReward': '0 - Δ:0', 'Score': -192.764, 'Balance': 10067.44, 'Positions': 27}
{'TransactionReward': '67.44 - Δ:0.0', 'ActionReward': '-34.7 - Δ:-1.0', 'IntermediateReward': '0.6538000000000002 - Δ:0.013', 'SharpeReward': '-21.768821576887166 - Δ:0.0', 'DrawdownReward': '-205.37550471063238 - Δ:0.0', 'TrendReward': '0 - Δ:0', 'Score': -193.751, 'Balance': 10080.53, 'Positions': 28}
{'TransactionReward': '80.53 - Δ:13.09', 'ActionReward': '-34.690000000000005 - Δ:0.01', 'IntermediateReward': '0.6538000000000002 - Δ:0.0', 'SharpeReward': '-21.687348175662702 - Δ:0.081', 'DrawdownReward': '-215.7200538358006 - Δ:-10.345', 'TrendReward': '0 - Δ:0', 'Score': -190.914, 'Balance': 10080.53, 'Positions': 28}
{'TransactionReward': '80.53 - Δ:0.0', 'ActionReward': '-34.68000000000001 - Δ:0.01', 'IntermediateReward': '0.6182000000000002 - Δ:-0.036', 'SharpeReward': '-21.687348175662702 - Δ:0.0', 'DrawdownReward': '-215.7200538358006 - Δ:0.0', 'TrendReward': '0 - Δ:0', 'Score': -190.939, 'Balance': 10080.53, 'Positions': 28}
{'TransactionReward': '80.53 - Δ:0.0', 'ActionReward': '-35.68000000000001 - Δ:-1.0', 'IntermediateReward': '0.5871400000000002 - Δ:-0.031', 'SharpeReward': '-21.687348175662702 - Δ:0.0', 'DrawdownReward': '-215.7200538358006 - Δ:0.0', 'TrendReward': '0 - Δ:0', 'Score': -191.97, 'Balance': 10080.53, 'Positions': 28}
{'TransactionReward': '80.53 - Δ:0.0', 'ActionReward': '-36.68000000000001 - Δ:-1.0', 'IntermediateReward': '0.5668600000000003 - Δ:-0.02', 'SharpeReward': '-21.687348175662702 - Δ:0.0', 'DrawdownReward': '-215.7200538358006 - Δ:0.0', 'TrendReward': '0 - Δ:0', 'Score': -192.991, 'Balance': 10060.25, 'Positions': 29}
{'TransactionReward': '60.25 - Δ:-20.28', 'ActionReward': '-36.67000000000001 - Δ:0.01', 'IntermediateReward': '0.5554700000000002 - Δ:-0.011', 'SharpeReward': '-21.627892004579767 - Δ:0.059', 'DrawdownReward': '-226.0646029609688 - Δ:-10.345', 'TrendReward': '0 - Δ:0', 'Score': -223.557, 'Balance': 10060.25, 'Positions': 29}
{'TransactionReward': '60.25 - Δ:0.0', 'ActionReward': '-37.67000000000001 - Δ:-1.0', 'IntermediateReward': '0.5332900000000003 - Δ:-0.022', 'SharpeReward': '-21.627892004579767 - Δ:0.0', 'DrawdownReward': '-226.0646029609688 - Δ:0.0', 'TrendReward': '0 - Δ:0', 'Score': -224.579, 'Balance': 10038.07, 'Positions': 30}
{'TransactionReward': '38.06999999999999 - Δ:-22.18', 'ActionReward': '-37.660000000000004 - Δ:0.01', 'IntermediateReward': '0.53329 - Δ:-0.0', 'SharpeReward': '-21.59124819358475 - Δ:0.037', 'DrawdownReward': '-236.40915208613706 - Δ:-10.345', 'TrendReward': '0 - Δ:0', 'Score': -257.057, 'Balance': 10038.07, 'Positions': 31}
{'TransactionReward': '38.06999999999999 - Δ:0.0', 'ActionReward': '-37.650000000000006 - Δ:0.01', 'IntermediateReward': '0.54062 - Δ:0.007', 'SharpeReward': '-21.555201037311665 - Δ:0.036', 'DrawdownReward': '-246.75370121130527 - Δ:-10.345', 'TrendReward': '0 - Δ:0', 'Score': -267.348, 'Balance': 10038.07, 'Positions': 31}
{'TransactionReward': '38.06999999999999 - Δ:0.0', 'ActionReward': '-38.650000000000006 - Δ:-1.0', 'IntermediateReward': '0.55128 - Δ:0.011', 'SharpeReward': '-21.555201037311665 - Δ:0.0', 'DrawdownReward': '-246.75370121130527 - Δ:0.0', 'TrendReward': '0 - Δ:0', 'Score': -268.338, 'Balance': 10048.73, 'Positions': 32}
{'TransactionReward': '48.72999999999999 - Δ:10.66', 'ActionReward': '-38.64000000000001 - Δ:0.01', 'IntermediateReward': '0.53814 - Δ:-0.013', 'SharpeReward': '-21.509841261326926 - Δ:0.045', 'DrawdownReward': '-257.0982503364735 - Δ:-10.345', 'TrendReward': '0 - Δ:0', 'Score': -267.98, 'Balance': 10048.73, 'Positions': 32}
{'TransactionReward': '48.72999999999999 - Δ:0.0', 'ActionReward': '-39.64000000000001 - Δ:-1.0', 'IntermediateReward': '0.53562 - Δ:-0.003', 'SharpeReward': '-21.509841261326926 - Δ:0.0', 'DrawdownReward': '-257.0982503364735 - Δ:0.0', 'TrendReward': '0 - Δ:0', 'Score': -268.982, 'Balance': 10046.21, 'Positions': 33}
{'TransactionReward': '46.20999999999999 - Δ:-2.52', 'ActionReward': '-39.63000000000001 - Δ:0.01', 'IntermediateReward': '0.53954 - Δ:0.004', 'SharpeReward': '-21.467493244728434 - Δ:0.042', 'DrawdownReward': '-267.4427994616417 - Δ:-10.345', 'TrendReward': '0 - Δ:0', 'Score': -281.791, 'Balance': 10050.13, 'Positions': 34}
{'TransactionReward': '50.12999999999999 - Δ:3.92', 'ActionReward': '-39.62000000000001 - Δ:0.01', 'IntermediateReward': '0.5604 - Δ:0.021', 'SharpeReward': '-21.422237341125662 - Δ:0.045', 'DrawdownReward': '-277.7873485868099 - Δ:-10.345', 'TrendReward': '0 - Δ:0', 'Score': -288.139, 'Balance': 10050.13, 'Positions': 34}
{'TransactionReward': '50.12999999999999 - Δ:0.0', 'ActionReward': '-40.62000000000001 - Δ:-1.0', 'IntermediateReward': '0.5756600000000001 - Δ:0.015', 'SharpeReward': '-21.422237341125662 - Δ:0.0', 'DrawdownReward': '-277.7873485868099 - Δ:0.0', 'TrendReward': '0 - Δ:0', 'Score': -289.124, 'Balance': 10050.13, 'Positions': 34}
{'TransactionReward': '50.129999999999995 - Δ:0.0', 'ActionReward': '-41.620000000000005 - Δ:-1.0', 'IntermediateReward': '0.5943999999999999 - Δ:0.019', 'SharpeReward': '-21.422237341125665 - Δ:-0.0', 'DrawdownReward': '-277.78734858680997 - Δ:-0.0', 'TrendReward': '0 - Δ:0', 'Score': -290.105, 'Balance': 10050.13, 'Positions': 34}
{'TransactionReward': '50.129999999999995 - Δ:0.0', 'ActionReward': '-42.620000000000005 - Δ:-1.0', 'IntermediateReward': '0.6167999999999999 - Δ:0.022', 'SharpeReward': '-21.422237341125665 - Δ:0.0', 'DrawdownReward': '-277.78734858680997 - Δ:0.0', 'TrendReward': '0 - Δ:0', 'Score': -291.083, 'Balance': 10050.13, 'Positions': 34}
{'TransactionReward': '50.129999999999995 - Δ:0.0', 'ActionReward': '-43.620000000000005 - Δ:-1.0', 'IntermediateReward': '0.6424799999999999 - Δ:0.026', 'SharpeReward': '-21.422237341125665 - Δ:0.0', 'DrawdownReward': '-277.78734858680997 - Δ:0.0', 'TrendReward': '0 - Δ:0', 'Score': -292.057, 'Balance': 10050.13, 'Positions': 34}
{'TransactionReward': '50.129999999999995 - Δ:0.0', 'ActionReward': '-44.620000000000005 - Δ:-1.0', 'IntermediateReward': '0.6598599999999999 - Δ:0.017', 'SharpeReward': '-21.422237341125665 - Δ:0.0', 'DrawdownReward': '-277.78734858680997 - Δ:0.0', 'TrendReward': '0 - Δ:0', 'Score': -293.04, 'Balance': 10067.51, 'Positions': 35}
{'TransactionReward': '67.50999999999999 - Δ:17.38', 'ActionReward': '-44.61000000000001 - Δ:0.01', 'IntermediateReward': '0.6636999999999998 - Δ:0.004', 'SharpeReward': '-21.362371742504422 - Δ:0.06', 'DrawdownReward': '-288.1318977119782 - Δ:-10.345', 'TrendReward': '0 - Δ:0', 'Score': -285.931, 'Balance': 10071.35, 'Positions': 36}
{'TransactionReward': '71.35 - Δ:3.84', 'ActionReward': '-44.60000000000001 - Δ:0.01', 'IntermediateReward': '0.6615399999999998 - Δ:-0.002', 'SharpeReward': '-21.299988958918334 - Δ:0.062', 'DrawdownReward': '-298.4764468371464 - Δ:-10.345', 'TrendReward': '0 - Δ:0', 'Score': -292.365, 'Balance': 10071.35, 'Positions': 36}
{'TransactionReward': '71.35 - Δ:0.0', 'ActionReward': '-45.60000000000001 - Δ:-1.0', 'IntermediateReward': '0.6716099999999998 - Δ:0.01', 'SharpeReward': '-21.299988958918334 - Δ:0.0', 'DrawdownReward': '-298.4764468371464 - Δ:0.0', 'TrendReward': '0 - Δ:0', 'Score': -293.355, 'Balance': 10081.42, 'Positions': 37}
{'TransactionReward': '81.41999999999999 - Δ:10.07', 'ActionReward': '-45.59000000000001 - Δ:0.01', 'IntermediateReward': '0.6031699999999998 - Δ:-0.068', 'SharpeReward': '-21.22983176055366 - Δ:0.07', 'DrawdownReward': '-308.8209959623146 - Δ:-10.345', 'TrendReward': '0 - Δ:0', 'Score': -293.618, 'Balance': 10012.98, 'Positions': 38}
{'TransactionReward': '12.97999999999999 - Δ:-68.44', 'ActionReward': '-45.580000000000005 - Δ:0.01', 'IntermediateReward': '0.58767 - Δ:-0.015', 'SharpeReward': '-21.219465590697954 - Δ:0.01', 'DrawdownReward': '-319.1655450874829 - Δ:-10.345', 'TrendReward': '0 - Δ:0', 'Score': -372.397, 'Balance': 10012.98, 'Positions': 38}
{'TransactionReward': '12.97999999999999 - Δ:0.0', 'ActionReward': '-46.580000000000005 - Δ:-1.0', 'IntermediateReward': '0.56513 - Δ:-0.023', 'SharpeReward': '-21.219465590697954 - Δ:0.0', 'DrawdownReward': '-319.1655450874829 - Δ:0.0', 'TrendReward': '0 - Δ:0', 'Score': -373.42, 'Balance': 10012.98, 'Positions': 38}
{'TransactionReward': '12.97999999999999 - Δ:0.0', 'ActionReward': '-47.580000000000005 - Δ:-1.0', 'IntermediateReward': '0.55091 - Δ:-0.014', 'SharpeReward': '-21.219465590697954 - Δ:0.0', 'DrawdownReward': '-319.1655450874829 - Δ:0.0', 'TrendReward': '0 - Δ:0', 'Score': -374.434, 'Balance': 10012.98, 'Positions': 38}
{'TransactionReward': '12.97999999999999 - Δ:0.0', 'ActionReward': '-48.580000000000005 - Δ:-1.0', 'IntermediateReward': '0.54133 - Δ:-0.01', 'SharpeReward': '-21.219465590697954 - Δ:0.0', 'DrawdownReward': '-319.1655450874829 - Δ:0.0', 'TrendReward': '0 - Δ:0', 'Score': -375.444, 'Balance': 10012.98, 'Positions': 38}
{'TransactionReward': '12.97999999999999 - Δ:0.0', 'ActionReward': '-49.580000000000005 - Δ:-1.0', 'IntermediateReward': '0.53159 - Δ:-0.01', 'SharpeReward': '-21.219465590697954 - Δ:0.0', 'DrawdownReward': '-319.1655450874829 - Δ:0.0', 'TrendReward': '0 - Δ:0', 'Score': -376.453, 'Balance': 10003.24, 'Positions': 39}
{'TransactionReward': '3.2399999999999896 - Δ:-9.74', 'ActionReward': '-49.57000000000001 - Δ:0.01', 'IntermediateReward': '0.53159 - Δ:0.0', 'SharpeReward': '-21.216914490235286 - Δ:0.003', 'DrawdownReward': '-329.5100942126511 - Δ:-10.345', 'TrendReward': '0 - Δ:0', 'Score': -396.525, 'Balance': 10003.24, 'Positions': 39}
{'TransactionReward': '3.2399999999999896 - Δ:0.0', 'ActionReward': '-50.57000000000001 - Δ:-1.0', 'IntermediateReward': '0.53159 - Δ:0.0', 'SharpeReward': '-21.216914490235286 - Δ:0.0', 'DrawdownReward': '-329.5100942126511 - Δ:0.0', 'TrendReward': '0 - Δ:0', 'Score': -397.525, 'Balance': 10003.24, 'Positions': 39}
{'TransactionReward': '3.2399999999999896 - Δ:0.0', 'ActionReward': '-50.56000000000001 - Δ:0.01', 'IntermediateReward': '0.51618 - Δ:-0.015', 'SharpeReward': '-21.216914490235286 - Δ:0.0', 'DrawdownReward': '-329.5100942126511 - Δ:0.0', 'TrendReward': '0 - Δ:0', 'Score': -397.531, 'Balance': 9987.83, 'Positions': 40}
{'TransactionReward': '-12.170000000000002 - Δ:-15.41', 'ActionReward': '-50.550000000000004 - Δ:0.01', 'IntermediateReward': '0.51926 - Δ:0.003', 'SharpeReward': '-21.226349669359355 - Δ:-0.009', 'DrawdownReward': '-339.85464333781937 - Δ:-10.345', 'TrendReward': '0 - Δ:0', 'Score': -423.282, 'Balance': 9987.83, 'Positions': 40}
{'TransactionReward': '-12.170000000000002 - Δ:0.0', 'ActionReward': '-51.550000000000004 - Δ:-1.0', 'IntermediateReward': '0.53349 - Δ:0.014', 'SharpeReward': '-21.226349669359355 - Δ:0.0', 'DrawdownReward': '-339.85464333781937 - Δ:0.0', 'TrendReward': '0 - Δ:0', 'Score': -424.268, 'Balance': 9987.83, 'Positions': 40}
{'TransactionReward': '-12.170000000000002 - Δ:0.0', 'ActionReward': '-52.550000000000004 - Δ:-1.0', 'IntermediateReward': '0.54567 - Δ:0.012', 'SharpeReward': '-21.226349669359355 - Δ:0.0', 'DrawdownReward': '-339.85464333781937 - Δ:0.0', 'TrendReward': '0 - Δ:0', 'Score': -425.255, 'Balance': 9987.83, 'Positions': 40}
{'TransactionReward': '-12.170000000000002 - Δ:0.0', 'ActionReward': '-53.550000000000004 - Δ:-1.0', 'IntermediateReward': '0.57151 - Δ:0.026', 'SharpeReward': '-21.226349669359355 - Δ:0.0', 'DrawdownReward': '-339.85464333781937 - Δ:0.0', 'TrendReward': '0 - Δ:0', 'Score': -426.229, 'Balance': 9987.83, 'Positions': 40}
{'TransactionReward': '-12.170000000000002 - Δ:0.0', 'ActionReward': '-54.550000000000004 - Δ:-1.0', 'IntermediateReward': '0.60117 - Δ:0.03', 'SharpeReward': '-21.226349669359355 - Δ:0.0', 'DrawdownReward': '-339.85464333781937 - Δ:0.0', 'TrendReward': '0 - Δ:0', 'Score': -427.2, 'Balance': 10017.49, 'Positions': 41}
{'TransactionReward': '17.49 - Δ:29.66', 'ActionReward': '-54.540000000000006 - Δ:0.01', 'IntermediateReward': '0.60117 - Δ:0.0', 'SharpeReward': '-21.213095217315715 - Δ:0.013', 'DrawdownReward': '-350.1991924629876 - Δ:-10.345', 'TrendReward': '0 - Δ:0', 'Score': -407.861, 'Balance': 10017.49, 'Positions': 41}
{'TransactionReward': '17.49 - Δ:0.0', 'ActionReward': '-54.53000000000001 - Δ:0.01', 'IntermediateReward': '0.5870799999999999 - Δ:-0.014', 'SharpeReward': '-21.213095217315715 - Δ:0.0', 'DrawdownReward': '-350.1991924629876 - Δ:0.0', 'TrendReward': '0 - Δ:0', 'Score': -407.865, 'Balance': 10003.4, 'Positions': 42}
{'TransactionReward': '3.3999999999999986 - Δ:-14.09', 'ActionReward': '-54.52000000000001 - Δ:0.01', 'IntermediateReward': '0.58134 - Δ:-0.006', 'SharpeReward': '-21.21055559650059 - Δ:0.003', 'DrawdownReward': '-360.5437415881558 - Δ:-10.345', 'TrendReward': '0 - Δ:0', 'Score': -432.293, 'Balance': 9997.66, 'Positions': 43}
{'TransactionReward': '-2.3400000000000034 - Δ:-5.74', 'ActionReward': '-54.510000000000005 - Δ:0.01', 'IntermediateReward': '0.58853 - Δ:0.007', 'SharpeReward': '-21.212282340267475 - Δ:-0.002', 'DrawdownReward': '-370.88829071332407 - Δ:-10.345', 'TrendReward': '0 - Δ:0', 'Score': -448.362, 'Balance': 9997.66, 'Positions': 43}
{'TransactionReward': '-2.3400000000000034 - Δ:0.0', 'ActionReward': '-54.50000000000001 - Δ:0.01', 'IntermediateReward': '0.60349 - Δ:0.015', 'SharpeReward': '-21.212282340267475 - Δ:0.0', 'DrawdownReward': '-370.88829071332407 - Δ:0.0', 'TrendReward': '0 - Δ:0', 'Score': -448.337, 'Balance': 9997.66, 'Positions': 43}
{'TransactionReward': '-2.3400000000000034 - Δ:0.0', 'ActionReward': '-55.50000000000001 - Δ:-1.0', 'IntermediateReward': '0.62812 - Δ:0.025', 'SharpeReward': '-21.212282340267475 - Δ:0.0', 'DrawdownReward': '-370.88829071332407 - Δ:0.0', 'TrendReward': '0 - Δ:0', 'Score': -449.312, 'Balance': 9997.66, 'Positions': 43}
{'TransactionReward': '-2.3400000000000034 - Δ:0.0', 'ActionReward': '-56.50000000000001 - Δ:-1.0', 'IntermediateReward': '0.63458 - Δ:0.006', 'SharpeReward': '-21.212282340267475 - Δ:0.0', 'DrawdownReward': '-370.88829071332407 - Δ:0.0', 'TrendReward': '0 - Δ:0', 'Score': -450.306, 'Balance': 10004.12, 'Positions': 44}
{'TransactionReward': '4.1199999999999966 - Δ:6.46', 'ActionReward': '-56.49000000000001 - Δ:0.01', 'IntermediateReward': '0.66344 - Δ:0.029', 'SharpeReward': '-21.209278295655803 - Δ:0.003', 'DrawdownReward': '-381.2328398384923 - Δ:-10.345', 'TrendReward': '0 - Δ:0', 'Score': -454.149, 'Balance': 10032.98, 'Positions': 45}
{'TransactionReward': '32.98 - Δ:28.86', 'ActionReward': '-56.48000000000001 - Δ:0.01', 'IntermediateReward': '0.66344 - Δ:0.0', 'SharpeReward': '-21.18572192573898 - Δ:0.024', 'DrawdownReward': '-391.5773889636605 - Δ:-10.345', 'TrendReward': '0 - Δ:0', 'Score': -435.6, 'Balance': 10032.98, 'Positions': 46}
{'TransactionReward': '32.98 - Δ:0.0', 'ActionReward': '-56.47000000000001 - Δ:0.01', 'IntermediateReward': '0.66344 - Δ:0.0', 'SharpeReward': '-21.162423150745415 - Δ:0.023', 'DrawdownReward': '-401.9219380888287 - Δ:-10.345', 'TrendReward': '0 - Δ:0', 'Score': -445.911, 'Balance': 10032.98, 'Positions': 46}
{'TransactionReward': '32.98 - Δ:0.0', 'ActionReward': '-56.460000000000015 - Δ:0.01', 'IntermediateReward': '0.69159 - Δ:0.028', 'SharpeReward': '-21.162423150745415 - Δ:0.0', 'DrawdownReward': '-401.9219380888287 - Δ:0.0', 'TrendReward': '0 - Δ:0', 'Score': -445.873, 'Balance': 10061.13, 'Positions': 47}
{'TransactionReward': '61.129999999999995 - Δ:28.15', 'ActionReward': '-56.45000000000001 - Δ:0.01', 'IntermediateReward': '0.68558 - Δ:-0.006', 'SharpeReward': '-21.120056350299578 - Δ:0.042', 'DrawdownReward': '-412.2664872139969 - Δ:-10.345', 'TrendReward': '0 - Δ:0', 'Score': -428.021, 'Balance': 10055.12, 'Positions': 48}
{'TransactionReward': '55.12 - Δ:-6.01', 'ActionReward': '-56.44000000000001 - Δ:0.01', 'IntermediateReward': '0.68051 - Δ:-0.005', 'SharpeReward': '-21.08227718155052 - Δ:0.038', 'DrawdownReward': '-422.61103633916514 - Δ:-10.345', 'TrendReward': '0 - Δ:0', 'Score': -444.333, 'Balance': 10055.12, 'Positions': 48}
{'TransactionReward': '55.12 - Δ:0.0', 'ActionReward': '-57.44000000000001 - Δ:-1.0', 'IntermediateReward': '0.66396 - Δ:-0.017', 'SharpeReward': '-21.08227718155052 - Δ:0.0', 'DrawdownReward': '-422.61103633916514 - Δ:0.0', 'TrendReward': '0 - Δ:0', 'Score': -445.349, 'Balance': 10038.57, 'Positions': 49}
{'TransactionReward': '38.56999999999999 - Δ:-16.55', 'ActionReward': '-57.430000000000014 - Δ:0.01', 'IntermediateReward': '0.6528 - Δ:-0.011', 'SharpeReward': '-21.05620255129952 - Δ:0.026', 'DrawdownReward': '-432.95558546433335 - Δ:-10.345', 'TrendReward': '0 - Δ:0', 'Score': -472.219, 'Balance': 10038.57, 'Positions': 49}
{'TransactionReward': '38.56999999999999 - Δ:0.0', 'ActionReward': '-58.430000000000014 - Δ:-1.0', 'IntermediateReward': '0.63732 - Δ:-0.015', 'SharpeReward': '-21.05620255129952 - Δ:0.0', 'DrawdownReward': '-432.95558546433335 - Δ:0.0', 'TrendReward': '0 - Δ:0', 'Score': -473.234, 'Balance': 10038.57, 'Positions': 49}
{'TransactionReward': '38.56999999999999 - Δ:0.0', 'ActionReward': '-59.430000000000014 - Δ:-1.0', 'IntermediateReward': '0.60595 - Δ:-0.031', 'SharpeReward': '-21.05620255129952 - Δ:0.0', 'DrawdownReward': '-432.95558546433335 - Δ:0.0', 'TrendReward': '0 - Δ:0', 'Score': -474.266, 'Balance': 10007.2, 'Positions': 50}
{'TransactionReward': '7.199999999999992 - Δ:-31.37', 'ActionReward': '-59.420000000000016 - Δ:0.01', 'IntermediateReward': '0.64116 - Δ:0.035', 'SharpeReward': '-21.05143778980765 - Δ:0.005', 'DrawdownReward': '-443.30013458950157 - Δ:-10.345', 'TrendReward': '0 - Δ:0', 'Score': -515.93, 'Balance': 10042.41, 'Positions': 51}
{'TransactionReward': '42.41 - Δ:35.21', 'ActionReward': '-59.41000000000002 - Δ:0.01', 'IntermediateReward': '0.63379 - Δ:-0.007', 'SharpeReward': '-21.024008213184036 - Δ:0.027', 'DrawdownReward': '-453.6446837146698 - Δ:-10.345', 'TrendReward': '0 - Δ:0', 'Score': -491.035, 'Balance': 10035.04, 'Positions': 52}
{'TransactionReward': '35.039999999999985 - Δ:-7.37', 'ActionReward': '-59.400000000000006 - Δ:0.01', 'IntermediateReward': '0.6075900000000001 - Δ:-0.026', 'SharpeReward': '-21.001580089786366 - Δ:0.022', 'DrawdownReward': '-463.9892328398381 - Δ:-10.345', 'TrendReward': '0 - Δ:0', 'Score': -508.743, 'Balance': 10035.04, 'Positions': 52}
{'TransactionReward': '35.039999999999985 - Δ:0.0', 'ActionReward': '-60.400000000000006 - Δ:-1.0', 'IntermediateReward': '0.5720500000000001 - Δ:-0.036', 'SharpeReward': '-21.001580089786366 - Δ:0.0', 'DrawdownReward': '-463.9892328398381 - Δ:0.0', 'TrendReward': '0 - Δ:0', 'Score': -509.779, 'Balance': 10035.04, 'Positions': 52}
{'TransactionReward': '35.039999999999985 - Δ:0.0', 'ActionReward': '-60.39000000000001 - Δ:0.01', 'IntermediateReward': '0.54417 - Δ:-0.028', 'SharpeReward': '-21.001580089786366 - Δ:0.0', 'DrawdownReward': '-463.9892328398381 - Δ:0.0', 'TrendReward': '0 - Δ:0', 'Score': -509.797, 'Balance': 10035.04, 'Positions': 52}
{'TransactionReward': '35.039999999999985 - Δ:0.0', 'ActionReward': '-61.39000000000001 - Δ:-1.0', 'IntermediateReward': '0.5121800000000001 - Δ:-0.032', 'SharpeReward': '-21.001580089786366 - Δ:0.0', 'DrawdownReward': '-463.9892328398381 - Δ:0.0', 'TrendReward': '0 - Δ:0', 'Score': -510.829, 'Balance': 10003.05, 'Positions': 53}
{'TransactionReward': '3.0499999999999865 - Δ:-31.99', 'ActionReward': '-61.38000000000001 - Δ:0.01', 'IntermediateReward': '0.5201100000000001 - Δ:0.008', 'SharpeReward': '-20.99966758277483 - Δ:0.002', 'DrawdownReward': '-474.3337819650063 - Δ:-10.345', 'TrendReward': '0 - Δ:0', 'Score': -553.143, 'Balance': 10003.05, 'Positions': 53}
{'TransactionReward': '3.0499999999999865 - Δ:0.0', 'ActionReward': '-62.38000000000001 - Δ:-1.0', 'IntermediateReward': '0.52961 - Δ:0.009', 'SharpeReward': '-20.99966758277483 - Δ:0.0', 'DrawdownReward': '-474.3337819650063 - Δ:0.0', 'TrendReward': '0 - Δ:0', 'Score': -554.134, 'Balance': 10003.05, 'Positions': 53}
{'TransactionReward': '3.0499999999999865 - Δ:0.0', 'ActionReward': '-63.38000000000001 - Δ:-1.0', 'IntermediateReward': '0.5303300000000001 - Δ:0.001', 'SharpeReward': '-20.99966758277483 - Δ:0.0', 'DrawdownReward': '-474.3337819650063 - Δ:0.0', 'TrendReward': '0 - Δ:0', 'Score': -555.133, 'Balance': 10003.05, 'Positions': 53}
{'TransactionReward': '3.0499999999999865 - Δ:0.0', 'ActionReward': '-64.38000000000001 - Δ:-1.0', 'IntermediateReward': '0.5417500000000001 - Δ:0.011', 'SharpeReward': '-20.99966758277483 - Δ:0.0', 'DrawdownReward': '-474.3337819650063 - Δ:0.0', 'TrendReward': '0 - Δ:0', 'Score': -556.122, 'Balance': 10003.05, 'Positions': 53}
{'TransactionReward': '3.04999999999999 - Δ:0.0', 'ActionReward': '-65.38000000000001 - Δ:-1.0', 'IntermediateReward': '0.54896 - Δ:0.007', 'SharpeReward': '-20.99966758277483 - Δ:0.0', 'DrawdownReward': '-474.3337819650063 - Δ:0.0', 'TrendReward': '0 - Δ:0', 'Score': -557.114, 'Balance': 10003.05, 'Positions': 53}
{'TransactionReward': '3.049999999999983 - Δ:-0.0', 'ActionReward': '-65.37 - Δ:0.01', 'IntermediateReward': '0.5620600000000001 - Δ:0.013', 'SharpeReward': '-20.999667582774823 - Δ:0.0', 'DrawdownReward': '-474.3337819650063 - Δ:0.0', 'TrendReward': '0 - Δ:0', 'Score': -557.091, 'Balance': 10003.05, 'Positions': 53}
{'TransactionReward': '3.049999999999983 - Δ:0.0', 'ActionReward': '-66.37 - Δ:-1.0', 'IntermediateReward': '0.5722800000000001 - Δ:0.01', 'SharpeReward': '-20.999667582774823 - Δ:0.0', 'DrawdownReward': '-474.3337819650063 - Δ:0.0', 'TrendReward': '0 - Δ:0', 'Score': -558.081, 'Balance': 10003.05, 'Positions': 53}
{'TransactionReward': '3.049999999999983 - Δ:0.0', 'ActionReward': '-66.36000000000001 - Δ:0.01', 'IntermediateReward': '0.6098500000000001 - Δ:0.038', 'SharpeReward': '-20.999667582774823 - Δ:0.0', 'DrawdownReward': '-474.3337819650063 - Δ:0.0', 'TrendReward': '0 - Δ:0', 'Score': -558.034, 'Balance': 10040.62, 'Positions': 54}
{'TransactionReward': '40.61999999999998 - Δ:37.57', 'ActionReward': '-66.35000000000001 - Δ:0.01', 'IntermediateReward': '0.6203700000000001 - Δ:0.011', 'SharpeReward': '-20.974789175601487 - Δ:0.025', 'DrawdownReward': '-484.67833109017454 - Δ:-10.345', 'TrendReward': '0 - Δ:0', 'Score': -530.763, 'Balance': 10051.14, 'Positions': 55}
{'TransactionReward': '51.139999999999986 - Δ:10.52', 'ActionReward': '-66.34 - Δ:0.01', 'IntermediateReward': '0.6598100000000001 - Δ:0.039', 'SharpeReward': '-20.943783066927878 - Δ:0.031', 'DrawdownReward': '-495.02288021534275 - Δ:-10.345', 'TrendReward': '0 - Δ:0', 'Score': -530.507, 'Balance': 10051.14, 'Positions': 55}
{'TransactionReward': '51.139999999999986 - Δ:0.0', 'ActionReward': '-66.33000000000001 - Δ:0.01', 'IntermediateReward': '0.6984800000000001 - Δ:0.039', 'SharpeReward': '-20.943783066927878 - Δ:0.0', 'DrawdownReward': '-495.02288021534275 - Δ:0.0', 'TrendReward': '0 - Δ:0', 'Score': -530.458, 'Balance': 10089.81, 'Positions': 56}
{'TransactionReward': '89.80999999999999 - Δ:38.67', 'ActionReward': '-66.32000000000002 - Δ:0.01', 'IntermediateReward': '0.7410000000000001 - Δ:0.043', 'SharpeReward': '-20.890567053395706 - Δ:0.053', 'DrawdownReward': '-505.36742934051097 - Δ:-10.345', 'TrendReward': '0 - Δ:0', 'Score': -502.027, 'Balance': 10089.81, 'Positions': 56}
{'TransactionReward': '89.80999999999999 - Δ:0.0', 'ActionReward': '-67.32000000000001 - Δ:-1.0', 'IntermediateReward': '0.7945500000000001 - Δ:0.054', 'SharpeReward': '-20.890567053395706 - Δ:0.0', 'DrawdownReward': '-505.36742934051097 - Δ:0.0', 'TrendReward': '0 - Δ:0', 'Score': -502.973, 'Balance': 10089.81, 'Positions': 56}
{'TransactionReward': '89.80999999999999 - Δ:0.0', 'ActionReward': '-68.32000000000001 - Δ:-1.0', 'IntermediateReward': '0.8705700000000002 - Δ:0.076', 'SharpeReward': '-20.890567053395706 - Δ:0.0', 'DrawdownReward': '-505.36742934051097 - Δ:0.0', 'TrendReward': '0 - Δ:0', 'Score': -503.897, 'Balance': 10089.81, 'Positions': 56}
{'TransactionReward': '89.80999999999999 - Δ:0.0', 'ActionReward': '-69.32000000000001 - Δ:-1.0', 'IntermediateReward': '0.8993000000000002 - Δ:0.029', 'SharpeReward': '-20.890567053395706 - Δ:0.0', 'DrawdownReward': '-505.36742934051097 - Δ:0.0', 'TrendReward': '0 - Δ:0', 'Score': -504.869, 'Balance': 10118.54, 'Positions': 57}
{'TransactionReward': '118.53999999999999 - Δ:28.73', 'ActionReward': '-69.31 - Δ:0.01', 'IntermediateReward': '0.8888400000000002 - Δ:-0.01', 'SharpeReward': '-20.821435812616446 - Δ:0.069', 'DrawdownReward': '-515.7119784656792 - Δ:-10.345', 'TrendReward': '0 - Δ:0', 'Score': -486.415, 'Balance': 10108.08, 'Positions': 58}
{'TransactionReward': '108.07999999999998 - Δ:-10.46', 'ActionReward': '-69.30000000000001 - Δ:0.01', 'IntermediateReward': '0.8950900000000002 - Δ:0.006', 'SharpeReward': '-20.759043850894457 - Δ:0.062', 'DrawdownReward': '-526.0565275908474 - Δ:-10.345', 'TrendReward': '0 - Δ:0', 'Score': -507.14, 'Balance': 10114.33, 'Positions': 59}
{'TransactionReward': '114.32999999999998 - Δ:6.25', 'ActionReward': '-69.29000000000002 - Δ:0.01', 'IntermediateReward': '0.8952700000000002 - Δ:0.0', 'SharpeReward': '-20.69361758673098 - Δ:0.065', 'DrawdownReward': '-536.4010767160156 - Δ:-10.345', 'TrendReward': '0 - Δ:0', 'Score': -511.159, 'Balance': 10114.51, 'Positions': 60}
{'TransactionReward': '114.50999999999999 - Δ:0.18', 'ActionReward': '-69.28000000000002 - Δ:0.01', 'IntermediateReward': '0.8744500000000002 - Δ:-0.021', 'SharpeReward': '-20.628638595116755 - Δ:0.065', 'DrawdownReward': '-546.7456258411838 - Δ:-10.345', 'TrendReward': '0 - Δ:0', 'Score': -521.27, 'Balance': 10093.69, 'Positions': 61}
{'TransactionReward': '93.69 - Δ:-20.82', 'ActionReward': '-69.27000000000001 - Δ:0.01', 'IntermediateReward': '0.8792100000000002 - Δ:0.005', 'SharpeReward': '-20.57616845944767 - Δ:0.052', 'DrawdownReward': '-557.090174966352 - Δ:-10.345', 'TrendReward': '0 - Δ:0', 'Score': -552.367, 'Balance': 10093.69, 'Positions': 61}
{'TransactionReward': '93.69 - Δ:0.0', 'ActionReward': '-70.27000000000001 - Δ:-1.0', 'IntermediateReward': '0.94447 - Δ:0.065', 'SharpeReward': '-20.57616845944767 - Δ:0.0', 'DrawdownReward': '-557.0901749663522 - Δ:-0.0', 'TrendReward': '0 - Δ:0', 'Score': -553.302, 'Balance': 10158.95, 'Positions': 62}
{'TransactionReward': '158.95000000000002 - Δ:65.26', 'ActionReward': '-70.26 - Δ:0.01', 'IntermediateReward': '0.9614800000000001 - Δ:0.017', 'SharpeReward': '-20.491063689467286 - Δ:0.085', 'DrawdownReward': '-567.4347240915204 - Δ:-10.345', 'TrendReward': '0 - Δ:0', 'Score': -498.274, 'Balance': 10158.95, 'Positions': 62}
{'TransactionReward': '158.95000000000002 - Δ:0.0', 'ActionReward': '-71.26 - Δ:-1.0', 'IntermediateReward': '0.9765600000000001 - Δ:0.015', 'SharpeReward': '-20.491063689467286 - Δ:0.0', 'DrawdownReward': '-567.4347240915204 - Δ:0.0', 'TrendReward': '0 - Δ:0', 'Score': -499.259, 'Balance': 10158.95, 'Positions': 62}
{'TransactionReward': '158.95000000000002 - Δ:0.0', 'ActionReward': '-72.26 - Δ:-1.0', 'IntermediateReward': '0.9778100000000001 - Δ:0.001', 'SharpeReward': '-20.491063689467286 - Δ:0.0', 'DrawdownReward': '-567.4347240915204 - Δ:0.0', 'TrendReward': '0 - Δ:0', 'Score': -500.258, 'Balance': 10160.2, 'Positions': 63}
{'TransactionReward': '160.20000000000002 - Δ:1.25', 'ActionReward': '-72.25 - Δ:0.01', 'IntermediateReward': '0.9745 - Δ:-0.003', 'SharpeReward': '-20.405974400079835 - Δ:0.085', 'DrawdownReward': '-577.7792732166886 - Δ:-10.345', 'TrendReward': '0 - Δ:0', 'Score': -509.261, 'Balance': 10160.2, 'Positions': 63}
{'TransactionReward': '160.20000000000002 - Δ:0.0', 'ActionReward': '-72.24000000000001 - Δ:0.01', 'IntermediateReward': '0.96799 - Δ:-0.007', 'SharpeReward': '-20.405974400079835 - Δ:0.0', 'DrawdownReward': '-577.7792732166886 - Δ:0.0', 'TrendReward': '0 - Δ:0', 'Score': -509.257, 'Balance': 10160.2, 'Positions': 63}
Traceback (most recent call last):
  File "/Users/milosz/opt/anaconda3/envs/Inance/lib/python3.10/site-packages/pandas/core/indexes/base.py", line 3802, in get_loc
    return self._engine.get_loc(casted_key)
  File "pandas/_libs/index.pyx", line 138, in pandas._libs.index.IndexEngine.get_loc
  File "pandas/_libs/index.pyx", line 165, in pandas._libs.index.IndexEngine.get_loc
  File "pandas/_libs/hashtable_class_helper.pxi", line 5745, in pandas._libs.hashtable.PyObjectHashTable.get_item
  File "pandas/_libs/hashtable_class_helper.pxi", line 5753, in pandas._libs.hashtable.PyObjectHashTable.get_item
KeyError: 'ema_10_delta'
The above exception was the direct cause of the following exception:
Traceback (most recent call last):
  File "/Users/milosz/opt/anaconda3/envs/Inance/lib/python3.10/site-packages/pandas/core/frame.py", line 4141, in _set_item_mgr
    loc = self._info_axis.get_loc(key)
  File "/Users/milosz/opt/anaconda3/envs/Inance/lib/python3.10/site-packages/pandas/core/indexes/base.py", line 3804, in get_loc
    raise KeyError(key) from err
KeyError: 'ema_10_delta'
During handling of the above exception, another exception occurred:
Traceback (most recent call last):
  File "/Users/milosz/Documents/Pycharm/InanceAlgo/main_test_agent.py", line 64, in <module>
    observation_, reward, _, done, info = env.step(action)
  File "/Users/milosz/Documents/Pycharm/InanceAlgo/env.py", line 76, in step
    self.data_pipeline.step_forward()
  File "/Users/milosz/Documents/Pycharm/InanceAlgo/DataProcessing/data_pipeline.py", line 49, in step_forward
    self.process_data()
  File "/Users/milosz/Documents/Pycharm/InanceAlgo/DataProcessing/data_pipeline.py", line 34, in process_data
    timeframe.process_window_data(window_data=window_data)
  File "/Users/milosz/Documents/Pycharm/InanceAlgo/DataProcessing/timeframe.py", line 39, in process_window_data
    self.tech_processor.process_data(data_window=window_data)
  File "/Users/milosz/Documents/Pycharm/InanceAlgo/DataProcessing/processors.py", line 51, in process_data
    *self.calculate_ema(data_window=data_window),
  File "/Users/milosz/Documents/Pycharm/InanceAlgo/DataProcessing/processors.py", line 92, in calculate_ema
    tech[f"{tech_name}_delta"] = tech_delta
  File "/Users/milosz/opt/anaconda3/envs/Inance/lib/python3.10/site-packages/pandas/core/frame.py", line 3980, in __setitem__
    self._set_item(key, value)
  File "/Users/milosz/opt/anaconda3/envs/Inance/lib/python3.10/site-packages/pandas/core/frame.py", line 4187, in _set_item
    self._set_item_mgr(key, value)
  File "/Users/milosz/opt/anaconda3/envs/Inance/lib/python3.10/site-packages/pandas/core/frame.py", line 4144, in _set_item_mgr
    self._mgr.insert(len(self._info_axis), key, value)
  File "/Users/milosz/opt/anaconda3/envs/Inance/lib/python3.10/site-packages/pandas/core/internals/managers.py", line 1405, in insert
    new_axis = self.items.insert(loc, item)
  File "/Users/milosz/opt/anaconda3/envs/Inance/lib/python3.10/site-packages/pandas/core/indexes/base.py", line 6899, in insert
    return Index._with_infer(new_values, name=self.name)
  File "/Users/milosz/opt/anaconda3/envs/Inance/lib/python3.10/site-packages/pandas/core/indexes/base.py", line 716, in _with_infer
    result = cls(*args, **kwargs)
  File "/Users/milosz/opt/anaconda3/envs/Inance/lib/python3.10/site-packages/pandas/core/indexes/base.py", line 443, in __new__
    from pandas.core.arrays import PandasArray
  File "<frozen importlib._bootstrap>", line 1053, in _handle_fromlist
